Fri Feb 02 2018 14:50:51 GMT+0200 (Финляндия (зима)): GET /
Fri Feb 02 2018 14:51:27 GMT+0200 (Финляндия (зима)): GET /
Fri Feb 02 2018 14:52:19 GMT+0200 (Финляндия (зима)): GET /
Fri Feb 02 2018 14:52:27 GMT+0200 (Финляндия (зима)): GET /about
Fri Feb 02 2018 14:52:41 GMT+0200 (Финляндия (зима)): GET /about
Fri Feb 02 2018 15:07:31 GMT+0200 (Финляндия (зима)): GET /
Fri Feb 02 2018 15:07:31 GMT+0200 (Финляндия (зима)): GET /robots.txt
Fri Feb 02 2018 15:07:35 GMT+0200 (Финляндия (зима)): GET /about
Fri Feb 02 2018 15:07:37 GMT+0200 (Финляндия (зима)): GET /
Fri Feb 02 2018 15:07:38 GMT+0200 (Финляндия (зима)): GET /about
Fri Feb 02 2018 15:07:39 GMT+0200 (Финляндия (зима)): GET /
Fri Feb 02 2018 15:15:05 GMT+0200 (Финляндия (зима)): GET /
Fri Feb 02 2018 15:15:07 GMT+0200 (Финляндия (зима)): GET /contac
Fri Feb 02 2018 15:15:37 GMT+0200 (Финляндия (зима)): GET /contac
Fri Feb 02 2018 15:15:46 GMT+0200 (Финляндия (зима)): GET /
Fri Feb 02 2018 15:16:54 GMT+0200 (Финляндия (зима)): GET /contac
Fri Feb 02 2018 15:16:58 GMT+0200 (Финляндия (зима)): GET /about
Fri Feb 02 2018 15:17:00 GMT+0200 (Финляндия (зима)): GET /
Fri Feb 02 2018 15:17:02 GMT+0200 (Финляндия (зима)): GET /contac
Fri Feb 02 2018 15:20:52 GMT+0200 (Финляндия (зима)): GET /maintenance
Fri Feb 02 2018 15:23:05 GMT+0200 (Финляндия (зима)): GET /contac
Fri Feb 02 2018 15:29:51 GMT+0200 (Финляндия (зима)): GET /contac
Fri Feb 02 2018 15:29:51 GMT+0200 (Финляндия (зима)): GET /robots.txt
Fri Feb 02 2018 15:29:53 GMT+0200 (Финляндия (зима)): GET /
Fri Feb 02 2018 15:29:59 GMT+0200 (Финляндия (зима)): GET /
Fri Feb 02 2018 15:30:13 GMT+0200 (Финляндия (зима)): GET /
Fri Feb 02 2018 15:30:15 GMT+0200 (Финляндия (зима)): GET /maintenance
Fri Feb 02 2018 15:33:25 GMT+0200 (Финляндия (зима)): GET /maintenance
Fri Feb 02 2018 15:33:30 GMT+0200 (Финляндия (зима)): GET /
Fri Feb 02 2018 15:35:48 GMT+0200 (Финляндия (зима)): GET /
Fri Feb 02 2018 15:35:57 GMT+0200 (Финляндия (зима)): GET /
Fri Feb 02 2018 15:36:02 GMT+0200 (Финляндия (зима)): GET /
Fri Feb 02 2018 15:36:16 GMT+0200 (Финляндия (зима)): GET /
Fri Feb 02 2018 15:36:24 GMT+0200 (Финляндия (зима)): GET /about
Fri Feb 02 2018 15:36:24 GMT+0200 (Финляндия (зима)): GET /
Fri Feb 02 2018 15:36:38 GMT+0200 (Финляндия (зима)): GET /
Fri Feb 02 2018 15:36:46 GMT+0200 (Финляндия (зима)): GET /
